Flow report for Project
Wed Feb 01 23:27:04 2023
Quartus II Version 8.1 Build 163 10/28/2008 SJ Web Edition


---------------------
; Table of Contents ;
---------------------
  1. Legal Notice
  2. Flow Summary
  3. Flow Settings
  4. Flow Non-Default Global Settings
  5. Flow Elapsed Time
  6. Flow OS Summary
  7. Flow Log



----------------
; Legal Notice ;
----------------
Copyright (C) 1991-2008 Altera Corporation
Your use of Altera Corporation's design tools, logic functions 
and other software and tools, and its AMPP partner logic 
functions, and any output files from any of the foregoing 
(including device programming or simulation files), and any 
associated documentation or information are expressly subject 
to the terms and conditions of the Altera Program License 
Subscription Agreement, Altera MegaCore Function License 
Agreement, or other applicable license agreement, including, 
without limitation, that your use is for the sole purpose of 
programming logic devices manufactured by Altera and sold by 
Altera or its authorized distributors.  Please refer to the 
applicable agreement for further details.



+-------------------------------------------------------------------+
; Flow Summary                                                      ;
+-------------------------+-----------------------------------------+
; Flow Status             ; Successful - Wed Feb 01 23:27:04 2023   ;
; Quartus II Version      ; 8.1 Build 163 10/28/2008 SJ Web Edition ;
; Revision Name           ; Project                                 ;
; Top-level Entity Name   ; Project                                 ;
; Family                  ; FLEX10K                                 ;
; Device                  ; EPF10K70RC240-4                         ;
; Timing Models           ; Final                                   ;
; Met timing requirements ; Yes                                     ;
; Total logic elements    ; 1,012 / 3,744 ( 27 % )                  ;
; Total pins              ; 57 / 189 ( 30 % )                       ;
; Total memory bits       ; 0 / 18,432 ( 0 % )                      ;
+-------------------------+-----------------------------------------+


+-----------------------------------------+
; Flow Settings                           ;
+-------------------+---------------------+
; Option            ; Setting             ;
+-------------------+---------------------+
; Start date & time ; 02/01/2023 23:26:12 ;
; Main task         ; Compilation         ;
; Revision Name     ; Project             ;
+-------------------+---------------------+


+--------------------------------------------------------------------------------------------------------------------------------------------------------------------+
; Flow Non-Default Global Settings                                                                                                                                   ;
+------------------------------------+-----------------------------------------------------------------+------------------------------+-------------+----------------+
; Assignment Name                    ; Value                                                           ; Default Value                ; Entity Name ; Section Id     ;
+------------------------------------+-----------------------------------------------------------------+------------------------------+-------------+----------------+
; COMPILER_SIGNATURE_ID              ; 167317900826969.167527237208072                                 ; --                           ; --          ; --             ;
; FITTER_EFFORT                      ; Standard Fit                                                    ; Auto Fit                     ; --          ; --             ;
; INCREMENTAL_COMPILATION            ; Off                                                             ; FULL_INCREMENTAL_COMPILATION ; --          ; --             ;
; MAXII_OPTIMIZATION_TECHNIQUE       ; Area                                                            ; Balanced                     ; --          ; --             ;
; MISC_FILE                          ; D:/Study Materials/Level 3 - Term 2/EEE 304/Project/Project.dpf ; --                           ; --          ; --             ;
; OPTIMIZE_HOLD_TIMING               ; IO Paths and Minimum TPD Paths                                  ; --                           ; --          ; --             ;
; USE_GENERATED_PHYSICAL_CONSTRAINTS ; Off                                                             ; --                           ; --          ; eda_blast_fpga ;
+------------------------------------+-----------------------------------------------------------------+------------------------------+-------------+----------------+


+-----------------------------------------------------------------------------------------------------------------------------+
; Flow Elapsed Time                                                                                                           ;
+-------------------------+--------------+-------------------------+---------------------+------------------------------------+
; Module Name             ; Elapsed Time ; Average Processors Used ; Peak Virtual Memory ; Total CPU Time (on all processors) ;
+-------------------------+--------------+-------------------------+---------------------+------------------------------------+
; Analysis & Synthesis    ; 00:00:16     ; 1.0                     ; 231 MB              ; 00:00:10                           ;
; Fitter                  ; 00:00:29     ; 1.0                     ; 235 MB              ; 00:00:22                           ;
; Assembler               ; 00:00:01     ; 1.0                     ; 216 MB              ; 00:00:01                           ;
; Classic Timing Analyzer ; 00:00:01     ; 1.0                     ; 184 MB              ; 00:00:00                           ;
; Total                   ; 00:00:47     ; --                      ; --                  ; 00:00:33                           ;
+-------------------------+--------------+-------------------------+---------------------+------------------------------------+


+------------------------------------------------------------------------------------------+
; Flow OS Summary                                                                          ;
+-------------------------+------------------+---------------+------------+----------------+
; Module Name             ; Machine Hostname ; OS Name       ; OS Version ; Processor type ;
+-------------------------+------------------+---------------+------------+----------------+
; Analysis & Synthesis    ; Farhaans-Beast   ; Windows Vista ; 6.2        ; x86_64         ;
; Fitter                  ; Farhaans-Beast   ; Windows Vista ; 6.2        ; x86_64         ;
; Assembler               ; Farhaans-Beast   ; Windows Vista ; 6.2        ; x86_64         ;
; Classic Timing Analyzer ; Farhaans-Beast   ; Windows Vista ; 6.2        ; x86_64         ;
+-------------------------+------------------+---------------+------------+----------------+


------------
; Flow Log ;
------------
quartus_map --read_settings_files=on --write_settings_files=off Project -c Project
quartus_fit --read_settings_files=off --write_settings_files=off Project -c Project
quartus_asm --read_settings_files=off --write_settings_files=off Project -c Project
quartus_tan --read_settings_files=off --write_settings_files=off Project -c Project



